<?xml version="1.0" encoding="UTF-8"?>
<robot generator="Robot 5.0.1 (Python 3.8.0 on win32)" generated="20220627 16:15:20.648" rpa="false" schemaversion="3">
<suite id="s1" name="Order" source="C:\Users\Wahyu Nugraha\Documents\automationpractice\order\order.robot">
<test id="s1-t1" name="I Order using csv file" line="29">
<kw name="Open Browser" library="SeleniumLibrary" type="SETUP">
<arg>${base_url}</arg>
<arg>${Browser_type}</arg>
<doc>Opens a new browser instance to the optional ``url``.</doc>
<msg timestamp="20220627 16:15:20.929" level="INFO">Opening browser 'chrome' to base url 'http://automationpractice.com/index.php?controller=authentication&amp;back=my-account'.</msg>
<status status="PASS" starttime="20220627 16:15:20.928" endtime="20220627 16:15:32.224"/>
</kw>
<kw name="I Order">
<arg>liliana.desi.ragita@gmail.com</arg>
<arg>12345678</arg>
<kw name="Input Text" library="SeleniumLibrary">
<arg>${email_login}</arg>
<arg>${email}</arg>
<doc>Types the given ``text`` into the text field identified by ``locator``.</doc>
<msg timestamp="20220627 16:15:32.230" level="INFO">Typing text 'liliana.desi.ragita@gmail.com' into text field '//*[@id="email"]'.</msg>
<status status="PASS" starttime="20220627 16:15:32.228" endtime="20220627 16:15:32.389"/>
</kw>
<kw name="Input Password" library="SeleniumLibrary">
<arg>${password_login}</arg>
<arg>${password}</arg>
<doc>Types the given password into the text field identified by ``locator``.</doc>
<msg timestamp="20220627 16:15:32.390" level="INFO">Typing password into text field '//*[@id="passwd"]'.</msg>
<msg timestamp="20220627 16:15:32.450" level="INFO">Temporally setting log level to: NONE</msg>
<msg timestamp="20220627 16:15:32.537" level="INFO">Log level changed from NONE to INFO.</msg>
<status status="PASS" starttime="20220627 16:15:32.389" endtime="20220627 16:15:32.538"/>
</kw>
<kw name="Click Button" library="SeleniumLibrary">
<arg>${button_login}</arg>
<doc>Clicks the button identified by ``locator``.</doc>
<msg timestamp="20220627 16:15:32.539" level="INFO">Clicking button '//*[@id="SubmitLogin"]'.</msg>
<status status="PASS" starttime="20220627 16:15:32.538" endtime="20220627 16:15:46.099"/>
</kw>
<kw name="Click Element" library="SeleniumLibrary">
<arg>(//*[@title="Women"])[1]</arg>
<doc>Click the element identified by ``locator``.</doc>
<msg timestamp="20220627 16:15:46.099" level="INFO">Clicking element '(//*[@title="Women"])[1]'.</msg>
<status status="PASS" starttime="20220627 16:15:46.099" endtime="20220627 16:16:00.744"/>
</kw>
<kw name="Click Element" library="SeleniumLibrary">
<arg>//*[@class="products-block-image"]</arg>
<doc>Click the element identified by ``locator``.</doc>
<msg timestamp="20220627 16:16:00.745" level="INFO">Clicking element '//*[@class="products-block-image"]'.</msg>
<status status="PASS" starttime="20220627 16:16:00.744" endtime="20220627 16:16:08.548"/>
</kw>
<kw name="Click Button" library="SeleniumLibrary">
<arg>//*[@class="exclusive"]</arg>
<doc>Clicks the button identified by ``locator``.</doc>
<msg timestamp="20220627 16:16:08.548" level="INFO">Clicking button '//*[@class="exclusive"]'.</msg>
<status status="PASS" starttime="20220627 16:16:08.548" endtime="20220627 16:16:08.621"/>
</kw>
<kw name="Sleep" library="BuiltIn">
<arg>15s</arg>
<doc>Pauses the test executed for the given time.</doc>
<msg timestamp="20220627 16:16:23.634" level="INFO">Slept 15 seconds</msg>
<status status="PASS" starttime="20220627 16:16:08.621" endtime="20220627 16:16:23.634"/>
</kw>
<kw name="Click Button" library="SeleniumLibrary">
<arg>//*[@class="btn btn-default button button-medium"]</arg>
<doc>Clicks the button identified by ``locator``.</doc>
<msg timestamp="20220627 16:16:23.634" level="INFO">Clicking button '//*[@class="btn btn-default button button-medium"]'.</msg>
<msg timestamp="20220627 16:16:23.803" level="INFO" html="true">&lt;/td&gt;&lt;/tr&gt;&lt;tr&gt;&lt;td colspan="3"&gt;&lt;a href="selenium-screenshot-4.png"&gt;&lt;img src="selenium-screenshot-4.png" width="800px"&gt;&lt;/a&gt;</msg>
<msg timestamp="20220627 16:16:23.819" level="FAIL">Button with locator '//*[@class="btn btn-default button button-medium"]' not found.</msg>
<status status="FAIL" starttime="20220627 16:16:23.634" endtime="20220627 16:16:23.819"/>
</kw>
<status status="FAIL" starttime="20220627 16:15:32.227" endtime="20220627 16:16:23.819"/>
</kw>
<kw name="Close Browser" library="SeleniumLibrary" type="TEARDOWN">
<doc>Closes the current browser.</doc>
<status status="PASS" starttime="20220627 16:16:23.819" endtime="20220627 16:16:26.153"/>
</kw>
<status status="FAIL" starttime="20220627 16:15:20.920" endtime="20220627 16:16:26.153">Button with locator '//*[@class="btn btn-default button button-medium"]' not found.</status>
</test>
<status status="FAIL" starttime="20220627 16:15:20.664" endtime="20220627 16:16:26.158"/>
</suite>
<statistics>
<total>
<stat pass="0" fail="1" skip="0">All Tests</stat>
</total>
<tag>
</tag>
<suite>
<stat pass="0" fail="1" skip="0" id="s1" name="Order">Order</stat>
</suite>
</statistics>
<errors>
</errors>
</robot>
