<?xml version="1.0" encoding="UTF-8"?>
<robot generator="Robot 5.0.1 (Python 3.8.0 on win32)" generated="20220627 14:36:52.124" rpa="false" schemaversion="3">
<suite id="s1" name="Homepage" source="C:\Users\Wahyu Nugraha\Documents\automationpractice\Steps\Homepage.robot">
<test id="s1-t1" name="User Should Be Able To See Homepage" line="8">
<kw name="Open Browser chrome" type="SETUP">
<kw name="Open Browser">
<arg>browser= chrome</arg>
<arg>url=${HOMEPAGE_URL}</arg>
<msg timestamp="20220627 14:36:52.160" level="FAIL">No keyword with name 'Open Browser' found.</msg>
<status status="FAIL" starttime="20220627 14:36:52.160" endtime="20220627 14:36:52.160"/>
</kw>
<status status="FAIL" starttime="20220627 14:36:52.157" endtime="20220627 14:36:52.161"/>
</kw>
<doc>Test to verity that user should be able to see homepage</doc>
<status status="FAIL" starttime="20220627 14:36:52.156" endtime="20220627 14:36:52.162">Setup failed:
No keyword with name 'Open Browser' found.</status>
</test>
<doc>Homepage test cases</doc>
<status status="FAIL" starttime="20220627 14:36:52.126" endtime="20220627 14:36:52.166"/>
</suite>
<statistics>
<total>
<stat pass="0" fail="1" skip="0">All Tests</stat>
</total>
<tag>
</tag>
<suite>
<stat pass="0" fail="1" skip="0" id="s1" name="Homepage">Homepage</stat>
</suite>
</statistics>
<errors>
</errors>
</robot>
