<?xml version="1.0" encoding="UTF-8"?>
<robot generator="Robot 5.0.1 (Python 3.8.0 on win32)" generated="20220627 16:10:33.201" rpa="false" schemaversion="3">
<suite id="s1" name="Account" source="C:\Users\Wahyu Nugraha\Documents\automationpractice\MyAccount\account.robot">
<test id="s1-t1" name="My Account in website using csv file" line="30">
<kw name="Open Browser" library="SeleniumLibrary" type="SETUP">
<arg>${base_url}</arg>
<arg>${Browser_type}</arg>
<doc>Opens a new browser instance to the optional ``url``.</doc>
<msg timestamp="20220627 16:10:33.464" level="INFO">Opening browser 'chrome' to base url 'http://automationpractice.com/index.php?controller=authentication&amp;back=my-account'.</msg>
<status status="PASS" starttime="20220627 16:10:33.463" endtime="20220627 16:10:45.658"/>
</kw>
<kw name="My Account in website">
<arg>liliana.desi.ragita@gmail.com</arg>
<arg>12345678</arg>
<kw name="Maximize Browser Window" library="SeleniumLibrary">
<doc>Maximizes current browser window.</doc>
<status status="PASS" starttime="20220627 16:10:45.660" endtime="20220627 16:10:45.896"/>
</kw>
<kw name="Input Text" library="SeleniumLibrary">
<arg>${email_login}</arg>
<arg>${email}</arg>
<doc>Types the given ``text`` into the text field identified by ``locator``.</doc>
<msg timestamp="20220627 16:10:45.896" level="INFO">Typing text 'liliana.desi.ragita@gmail.com' into text field '//*[@id="email"]'.</msg>
<status status="PASS" starttime="20220627 16:10:45.896" endtime="20220627 16:10:46.110"/>
</kw>
<kw name="Input Password" library="SeleniumLibrary">
<arg>${password_login}</arg>
<arg>${password}</arg>
<doc>Types the given password into the text field identified by ``locator``.</doc>
<msg timestamp="20220627 16:10:46.110" level="INFO">Typing password into text field '//*[@id="passwd"]'.</msg>
<msg timestamp="20220627 16:10:46.157" level="INFO">Temporally setting log level to: NONE</msg>
<msg timestamp="20220627 16:10:46.222" level="INFO">Log level changed from NONE to INFO.</msg>
<status status="PASS" starttime="20220627 16:10:46.110" endtime="20220627 16:10:46.222"/>
</kw>
<kw name="Click Button" library="SeleniumLibrary">
<arg>${button_login}</arg>
<doc>Clicks the button identified by ``locator``.</doc>
<msg timestamp="20220627 16:10:46.222" level="INFO">Clicking button '//*[@id="SubmitLogin"]'.</msg>
<status status="PASS" starttime="20220627 16:10:46.222" endtime="20220627 16:10:52.051"/>
</kw>
<kw name="Element Should Be Visible" library="SeleniumLibrary">
<arg>${myorders}</arg>
<doc>Verifies that the element identified by ``locator`` is visible.</doc>
<msg timestamp="20220627 16:10:52.080" level="INFO">Element '//*[@title="My orders"]' is displayed.</msg>
<status status="PASS" starttime="20220627 16:10:52.051" endtime="20220627 16:10:52.080"/>
</kw>
<kw name="Element Should Be Visible" library="SeleniumLibrary">
<arg>${mycreditslips}</arg>
<doc>Verifies that the element identified by ``locator`` is visible.</doc>
<msg timestamp="20220627 16:10:52.108" level="INFO">Element '//*[@title="My credit slips"]' is displayed.</msg>
<status status="PASS" starttime="20220627 16:10:52.080" endtime="20220627 16:10:52.108"/>
</kw>
<kw name="Element Should Be Visible" library="SeleniumLibrary">
<arg>${myaddresses}</arg>
<doc>Verifies that the element identified by ``locator`` is visible.</doc>
<msg timestamp="20220627 16:10:52.134" level="INFO">Element '//*[@title="My addresses"]' is displayed.</msg>
<status status="PASS" starttime="20220627 16:10:52.108" endtime="20220627 16:10:52.135"/>
</kw>
<kw name="Element Should Be Visible" library="SeleniumLibrary">
<arg>${mypersonalinfo}</arg>
<doc>Verifies that the element identified by ``locator`` is visible.</doc>
<msg timestamp="20220627 16:10:52.169" level="INFO">Element '//*[@title="Manage my personal information"]' is displayed.</msg>
<status status="PASS" starttime="20220627 16:10:52.135" endtime="20220627 16:10:52.169"/>
</kw>
<kw name="Sleep" library="BuiltIn">
<arg>5s</arg>
<doc>Pauses the test executed for the given time.</doc>
<msg timestamp="20220627 16:10:57.178" level="INFO">Slept 5 seconds</msg>
<status status="PASS" starttime="20220627 16:10:52.169" endtime="20220627 16:10:57.178"/>
</kw>
<status status="PASS" starttime="20220627 16:10:45.659" endtime="20220627 16:10:57.178"/>
</kw>
<kw name="Close Browser" library="SeleniumLibrary" type="TEARDOWN">
<doc>Closes the current browser.</doc>
<status status="PASS" starttime="20220627 16:10:57.179" endtime="20220627 16:10:59.621"/>
</kw>
<status status="PASS" starttime="20220627 16:10:33.460" endtime="20220627 16:10:59.621"/>
</test>
<status status="PASS" starttime="20220627 16:10:33.201" endtime="20220627 16:10:59.621"/>
</suite>
<statistics>
<total>
<stat pass="1" fail="0" skip="0">All Tests</stat>
</total>
<tag>
</tag>
<suite>
<stat pass="1" fail="0" skip="0" id="s1" name="Account">Account</stat>
</suite>
</statistics>
<errors>
</errors>
</robot>
