<?xml version="1.0" encoding="UTF-8"?>
<robot generator="Robot 5.0.1 (Python 3.8.0 on win32)" generated="20220627 14:54:47.557" rpa="false" schemaversion="3">
<suite id="s1" name="Login" source="C:\Users\Wahyu Nugraha\Documents\automationpractice\login\Login.robot">
<test id="s1-t1" name="I Login with valid email and password using csv file" line="26">
<kw name="Open Browser" library="SeleniumLibrary" type="SETUP">
<arg>${base_url}</arg>
<arg>${Browser_type}</arg>
<doc>Opens a new browser instance to the optional ``url``.</doc>
<msg timestamp="20220627 14:54:47.840" level="INFO">Opening browser 'chrome' to base url 'http://automationpractice.com/index.php?controller=authentication&amp;back=my-account'.</msg>
<status status="PASS" starttime="20220627 14:54:47.839" endtime="20220627 14:55:06.067"/>
</kw>
<kw name="I Login with valid email and password">
<arg>liliana.desi.ragita@gmail.com</arg>
<arg>12345678</arg>
<kw name="Maximize Browser Window" library="SeleniumLibrary">
<doc>Maximizes current browser window.</doc>
<status status="PASS" starttime="20220627 14:55:06.069" endtime="20220627 14:55:06.361"/>
</kw>
<kw name="Input Text" library="SeleniumLibrary">
<arg>${email_login}</arg>
<arg>${email}</arg>
<doc>Types the given ``text`` into the text field identified by ``locator``.</doc>
<msg timestamp="20220627 14:55:06.364" level="INFO">Typing text 'liliana.desi.ragita@gmail.com' into text field '//*[@id="email"]'.</msg>
<status status="PASS" starttime="20220627 14:55:06.361" endtime="20220627 14:55:06.525"/>
</kw>
<kw name="Input Password" library="SeleniumLibrary">
<arg>${password_login}</arg>
<arg>${password}</arg>
<doc>Types the given password into the text field identified by ``locator``.</doc>
<msg timestamp="20220627 14:55:06.525" level="INFO">Typing password into text field '//*[@id="passwd"]'.</msg>
<msg timestamp="20220627 14:55:06.573" level="INFO">Temporally setting log level to: NONE</msg>
<msg timestamp="20220627 14:55:06.638" level="INFO">Log level changed from NONE to INFO.</msg>
<status status="PASS" starttime="20220627 14:55:06.525" endtime="20220627 14:55:06.638"/>
</kw>
<kw name="Click Button" library="SeleniumLibrary">
<arg>${button_login}</arg>
<doc>Clicks the button identified by ``locator``.</doc>
<msg timestamp="20220627 14:55:06.639" level="INFO">Clicking button '//*[@id="SubmitLogin"]'.</msg>
<status status="PASS" starttime="20220627 14:55:06.638" endtime="20220627 14:55:17.107"/>
</kw>
<kw name="Sleep" library="BuiltIn">
<arg>2s</arg>
<doc>Pauses the test executed for the given time.</doc>
<msg timestamp="20220627 14:55:19.113" level="INFO">Slept 2 seconds</msg>
<status status="PASS" starttime="20220627 14:55:17.107" endtime="20220627 14:55:19.113"/>
</kw>
<kw name="Click Element" library="SeleniumLibrary">
<arg>//*[@title="Contact Us"]</arg>
<doc>Click the element identified by ``locator``.</doc>
<msg timestamp="20220627 14:55:19.113" level="INFO">Clicking element '//*[@title="Contact Us"]'.</msg>
<status status="PASS" starttime="20220627 14:55:19.113" endtime="20220627 14:55:24.163"/>
</kw>
<status status="PASS" starttime="20220627 14:55:06.068" endtime="20220627 14:55:24.163"/>
</kw>
<kw name="Close Browser" library="SeleniumLibrary" type="TEARDOWN">
<doc>Closes the current browser.</doc>
<status status="PASS" starttime="20220627 14:55:24.164" endtime="20220627 14:55:26.307"/>
</kw>
<status status="PASS" starttime="20220627 14:54:47.831" endtime="20220627 14:55:26.307"/>
</test>
<status status="PASS" starttime="20220627 14:54:47.559" endtime="20220627 14:55:26.307"/>
</suite>
<statistics>
<total>
<stat pass="1" fail="0" skip="0">All Tests</stat>
</total>
<tag>
</tag>
<suite>
<stat pass="1" fail="0" skip="0" id="s1" name="Login">Login</stat>
</suite>
</statistics>
<errors>
</errors>
</robot>
