<?xml version="1.0" encoding="UTF-8"?>
<robot generator="Robot 5.0.1 (Python 3.8.0 on win32)" generated="20220627 15:23:12.358" rpa="false" schemaversion="3">
<suite id="s1" name="Contactus" source="C:\Users\Wahyu Nugraha\Documents\automationpractice\Contactus\Contactus.robot">
<test id="s1-t1" name="Contact Us Browser using csv file" line="29">
<kw name="Open Browser" library="SeleniumLibrary" type="SETUP">
<arg>${base_url}</arg>
<arg>${Browser_type}</arg>
<doc>Opens a new browser instance to the optional ``url``.</doc>
<msg timestamp="20220627 15:23:12.647" level="INFO">Opening browser 'chrome' to base url 'http://automationpractice.com/index.php?controller=authentication&amp;back=my-account'.</msg>
<status status="PASS" starttime="20220627 15:23:12.646" endtime="20220627 15:23:27.324"/>
</kw>
<kw name="Contact Us Browser">
<arg>liliana.desi.ragita@gmail.com</arg>
<arg>12345678</arg>
<arg>1</arg>
<arg>complain</arg>
<kw name="Maximize Browser Window" library="SeleniumLibrary">
<doc>Maximizes current browser window.</doc>
<status status="PASS" starttime="20220627 15:23:27.329" endtime="20220627 15:23:27.552"/>
</kw>
<kw name="Input Text" library="SeleniumLibrary">
<arg>${email_login}</arg>
<arg>${email}</arg>
<doc>Types the given ``text`` into the text field identified by ``locator``.</doc>
<msg timestamp="20220627 15:23:27.558" level="INFO">Typing text 'liliana.desi.ragita@gmail.com' into text field '//*[@id="email"]'.</msg>
<status status="PASS" starttime="20220627 15:23:27.555" endtime="20220627 15:23:27.784"/>
</kw>
<kw name="Input Password" library="SeleniumLibrary">
<arg>${password_login}</arg>
<arg>${password}</arg>
<doc>Types the given password into the text field identified by ``locator``.</doc>
<msg timestamp="20220627 15:23:27.785" level="INFO">Typing password into text field '//*[@id="passwd"]'.</msg>
<msg timestamp="20220627 15:23:27.849" level="INFO">Temporally setting log level to: NONE</msg>
<msg timestamp="20220627 15:23:27.927" level="INFO">Log level changed from NONE to INFO.</msg>
<status status="PASS" starttime="20220627 15:23:27.784" endtime="20220627 15:23:27.927"/>
</kw>
<kw name="Click Button" library="SeleniumLibrary">
<arg>${button_login}</arg>
<doc>Clicks the button identified by ``locator``.</doc>
<msg timestamp="20220627 15:23:27.928" level="INFO">Clicking button '//*[@id="SubmitLogin"]'.</msg>
<status status="PASS" starttime="20220627 15:23:27.928" endtime="20220627 15:23:31.439"/>
</kw>
<kw name="Click Element" library="SeleniumLibrary">
<arg>${contact}</arg>
<doc>Click the element identified by ``locator``.</doc>
<msg timestamp="20220627 15:23:31.440" level="INFO">Clicking element '//*[@title="Contact Us"]'.</msg>
<status status="PASS" starttime="20220627 15:23:31.440" endtime="20220627 15:23:35.406"/>
</kw>
<kw name="Select From List By Index" library="SeleniumLibrary">
<arg>${subject1}</arg>
<arg>${subject}</arg>
<doc>Selects options from selection list ``locator`` by ``indexes``.</doc>
<msg timestamp="20220627 15:23:35.407" level="INFO">Selecting options from selection list '//*[@id="id_contact"]' by index 1.</msg>
<status status="PASS" starttime="20220627 15:23:35.406" endtime="20220627 15:23:35.500"/>
</kw>
<kw name="Input Text" library="SeleniumLibrary">
<arg>${message1}</arg>
<arg>${message}</arg>
<doc>Types the given ``text`` into the text field identified by ``locator``.</doc>
<msg timestamp="20220627 15:23:35.501" level="INFO">Typing text 'complain' into text field '//*[@id="message"]'.</msg>
<status status="PASS" starttime="20220627 15:23:35.500" endtime="20220627 15:23:35.583"/>
</kw>
<kw name="Click Button" library="SeleniumLibrary">
<arg>${button_massage}</arg>
<doc>Clicks the button identified by ``locator``.</doc>
<msg timestamp="20220627 15:23:35.583" level="INFO">Clicking button '//*[@name="submitMessage"]'.</msg>
<status status="PASS" starttime="20220627 15:23:35.583" endtime="20220627 15:23:37.725"/>
</kw>
<kw name="Sleep" library="BuiltIn">
<arg>5s</arg>
<doc>Pauses the test executed for the given time.</doc>
<msg timestamp="20220627 15:23:42.735" level="INFO">Slept 5 seconds</msg>
<status status="PASS" starttime="20220627 15:23:37.725" endtime="20220627 15:23:42.735"/>
</kw>
<status status="PASS" starttime="20220627 15:23:27.327" endtime="20220627 15:23:42.735"/>
</kw>
<kw name="Close Browser" library="SeleniumLibrary" type="TEARDOWN">
<doc>Closes the current browser.</doc>
<status status="PASS" starttime="20220627 15:23:42.735" endtime="20220627 15:23:45.275"/>
</kw>
<status status="PASS" starttime="20220627 15:23:12.643" endtime="20220627 15:23:45.275"/>
</test>
<status status="PASS" starttime="20220627 15:23:12.359" endtime="20220627 15:23:45.275"/>
</suite>
<statistics>
<total>
<stat pass="1" fail="0" skip="0">All Tests</stat>
</total>
<tag>
</tag>
<suite>
<stat pass="1" fail="0" skip="0" id="s1" name="Contactus">Contactus</stat>
</suite>
</statistics>
<errors>
</errors>
</robot>
