<?xml version="1.0" encoding="UTF-8"?>
<robot generator="Robot 5.0.1 (Python 3.8.0 on win32)" generated="20220627 14:50:19.241" rpa="false" schemaversion="3">
<suite id="s1" name="Homepage" source="C:\Users\Wahyu Nugraha\Documents\automationpractice\Homepage\homepage.robot">
<test id="s1-t1" name="Homepage Browser using csv file" line="20">
<kw name="Open Browser" library="SeleniumLibrary" type="SETUP">
<arg>${base_url}</arg>
<arg>${Browser_type}</arg>
<doc>Opens a new browser instance to the optional ``url``.</doc>
<msg timestamp="20220627 14:50:19.503" level="INFO">Opening browser 'chrome' to base url 'http://automationpractice.com/'.</msg>
<status status="PASS" starttime="20220627 14:50:19.502" endtime="20220627 14:50:42.798"/>
</kw>
<kw name="Homepage Browser">
<kw name="Element Should Be Visible" library="SeleniumLibrary">
<arg>${logo}</arg>
<doc>Verifies that the element identified by ``locator`` is visible.</doc>
<msg timestamp="20220627 14:50:42.840" level="INFO">Element '//*[@class="logo img-responsive"]' is displayed.</msg>
<status status="PASS" starttime="20220627 14:50:42.801" endtime="20220627 14:50:42.840"/>
</kw>
<status status="PASS" starttime="20220627 14:50:42.800" endtime="20220627 14:50:42.841"/>
</kw>
<kw name="Close Browser" library="SeleniumLibrary" type="TEARDOWN">
<doc>Closes the current browser.</doc>
<status status="PASS" starttime="20220627 14:50:42.841" endtime="20220627 14:50:45.187"/>
</kw>
<status status="PASS" starttime="20220627 14:50:19.497" endtime="20220627 14:50:45.188"/>
</test>
<status status="PASS" starttime="20220627 14:50:19.242" endtime="20220627 14:50:45.191"/>
</suite>
<statistics>
<total>
<stat pass="1" fail="0" skip="0">All Tests</stat>
</total>
<tag>
</tag>
<suite>
<stat pass="1" fail="0" skip="0" id="s1" name="Homepage">Homepage</stat>
</suite>
</statistics>
<errors>
</errors>
</robot>
