<?xml version="1.0" encoding="UTF-8"?>
<robot generator="Robot 5.0.1 (Python 3.8.0 on win32)" generated="20220629 22:17:53.908" rpa="false" schemaversion="3">
<suite id="s1" name="Homepage" source="C:\Users\Wahyu Nugraha\Documents\Finaltest\suites\homepage.robot">
<test id="s1-t1" name="User Should Be Able To See Homepage" line="8">
<kw name="Open Browser Chrome" library="Homepage" type="SETUP">
<kw name="Open Browser" library="SeleniumLibrary">
<arg>browser=Chrome</arg>
<arg>url=${Homepage_url}</arg>
<doc>Opens a new browser instance to the optional ``url``.</doc>
<msg timestamp="20220629 22:17:54.151" level="INFO">Opening browser 'Chrome' to base url 'http://automationpractice.com/index.php'.</msg>
<status status="PASS" starttime="20220629 22:17:54.150" endtime="20220629 22:18:38.149"/>
</kw>
<kw name="Maximize Browser Window" library="SeleniumLibrary">
<doc>Maximizes current browser window.</doc>
<status status="PASS" starttime="20220629 22:18:38.149" endtime="20220629 22:18:38.352"/>
</kw>
<status status="PASS" starttime="20220629 22:17:54.150" endtime="20220629 22:18:38.362"/>
</kw>
<kw name="Verity Current Url is Homepage Url" library="Homepage">
<doc>Verity Current Url is Homepage Url</doc>
<kw name="Location Should Be" library="SeleniumLibrary">
<arg>${Homepage_url}</arg>
<doc>Verifies that the current URL is exactly ``url``.</doc>
<msg timestamp="20220629 22:18:38.527" level="INFO">Current location is 'http://automationpractice.com/index.php'.</msg>
<status status="PASS" starttime="20220629 22:18:38.445" endtime="20220629 22:18:38.527"/>
</kw>
<status status="PASS" starttime="20220629 22:18:38.437" endtime="20220629 22:18:38.527"/>
</kw>
<kw name="Verity Homepage Logo" library="Homepage">
<doc>Verity Homepage Logo</doc>
<kw name="Element Should Be Visible" library="SeleniumLibrary">
<arg>${homepage_logo}</arg>
<doc>Verifies that the element identified by ``locator`` is visible.</doc>
<msg timestamp="20220629 22:18:38.561" level="INFO">Element '//*[@class="logo img-responsive"]' is displayed.</msg>
<status status="PASS" starttime="20220629 22:18:38.529" endtime="20220629 22:18:38.561"/>
</kw>
<kw name="Sleep" library="BuiltIn">
<arg>2s</arg>
<doc>Pauses the test executed for the given time.</doc>
<msg timestamp="20220629 22:18:40.575" level="INFO">Slept 2 seconds</msg>
<status status="PASS" starttime="20220629 22:18:38.561" endtime="20220629 22:18:40.575"/>
</kw>
<status status="PASS" starttime="20220629 22:18:38.528" endtime="20220629 22:18:40.575"/>
</kw>
<kw name="Close Browser" library="SeleniumLibrary" type="TEARDOWN">
<doc>Closes the current browser.</doc>
<status status="PASS" starttime="20220629 22:18:40.575" endtime="20220629 22:18:42.968"/>
</kw>
<doc>Test to verify that User Should Be Able To See Homepage</doc>
<status status="PASS" starttime="20220629 22:17:54.149" endtime="20220629 22:18:42.968"/>
</test>
<doc>Homepage testcase</doc>
<status status="PASS" starttime="20220629 22:17:53.908" endtime="20220629 22:18:42.974"/>
</suite>
<statistics>
<total>
<stat pass="1" fail="0" skip="0">All Tests</stat>
</total>
<tag>
</tag>
<suite>
<stat pass="1" fail="0" skip="0" id="s1" name="Homepage">Homepage</stat>
</suite>
</statistics>
<errors>
</errors>
</robot>
